[smoke_live] LIVE_URL=https://rishisubjects.co.uk/countdown
[smoke_live] BASE_URL=https://rishisubjects.co.uk
[smoke_live] SMOKE_PATH=/countdown

Running 1 test using 1 worker

  ✘  1 tests/e2e/live-smoke.spec.ts:3:1 › live smoke: countdown page loads in read-only mode (10.5s)


  1) tests/e2e/live-smoke.spec.ts:3:1 › live smoke: countdown page loads in read-only mode ─────────

    Error: [2mexpect([22m[31mlocator[39m[2m).[22mtoBeVisible[2m([22m[2m)[22m failed

    Locator: getByTestId('bg-image')
    Expected: visible
    Timeout: 10000ms
    Error: element(s) not found

    Call log:
    [2m  - Expect "toBeVisible" with timeout 10000ms[22m
    [2m  - waiting for getByTestId('bg-image')[22m


       6 |   await page.goto(smokePath, { waitUntil: 'domcontentloaded' });
       7 |
    >  8 |   await expect(page.getByTestId('bg-image')).toBeVisible();
         |                                              ^
       9 |   await expect(page.getByTestId('countdown-display')).toBeVisible();
      10 |   await expect(page.getByTestId('label-days')).toHaveText(/days/i);
      11 |   await expect(page.getByTestId('audio-element')).toHaveAttribute(
        at /home/rishi/Downloads/English/tests/e2e/live-smoke.spec.ts:8:46

    attachment #1: screenshot (image/png) ──────────────────────────────────────────────────────────
    test-results/live-smoke-live-smoke-countdown-page-loads-in-read-only-mode/test-failed-1.png
    ────────────────────────────────────────────────────────────────────────────────────────────────

    attachment #2: video (video/webm) ──────────────────────────────────────────────────────────────
    test-results/live-smoke-live-smoke-countdown-page-loads-in-read-only-mode/video.webm
    ────────────────────────────────────────────────────────────────────────────────────────────────

    Error Context: test-results/live-smoke-live-smoke-countdown-page-loads-in-read-only-mode/error-context.md

  1 failed
    tests/e2e/live-smoke.spec.ts:3:1 › live smoke: countdown page loads in read-only mode ──────────
